1632345474698:max 5 1
1632345487714:stacktrace
1632345580152:max 1 5
1632345584017:max 9 0
1632347346045:weather in Kyiv
1632347355871:weather in Chernihiv
1632347369877:weather in Los Angeles
1632347377081:weather in LA
1632347398473:weather in London
1632347431187:weather in San Francison
1632347444985:weather in San Francisco
1632347459509:do i need umbrella in Kyiv
1632347474154:do i need umbrella in Berlin
1632347479482:weather in Berlin
1632347487390:weather in Rome
1632347572007:weather in Athens
1632347577525:weathe in Kyiv
1632347585761:weather in Kyiv
1632347592496:weather in Japan
1632347600515:weather in Ukraine
1632347606188:weather in Egypt
1632347611391:weather in USA
1632347617851:weather in Male
